0 info it worked if it ends with ok
1 verbose cli [ '/usr/bin/node', '/usr/bin/npm', 'run', 'test' ]
2 info using npm@3.5.2
3 info using node@v8.10.0
4 verbose run-script [ 'pretest', 'test', 'posttest' ]
5 info lifecycle mg-links@0.1.0~pretest: mg-links@0.1.0
6 silly lifecycle mg-links@0.1.0~pretest: no script for pretest, continuing
7 info lifecycle mg-links@0.1.0~test: mg-links@0.1.0
8 verbose lifecycle mg-links@0.1.0~test: unsafe-perm in lifecycle true
9 verbose lifecycle mg-links@0.1.0~test: PATH: /usr/share/npm/bin/node-gyp-bin:/mnt/c/www/LIM016-md-links/node_modules/.bin:/usr/local/sbin:/usr/local/bin:/usr/sbin:/usr/bin:/sbin:/bin:/usr/games:/usr/local/games:/mnt/c/Python39/Scripts/:/mnt/c/Python39/:/mnt/c/WINDOWS/system32:/mnt/c/WINDOWS:/mnt/c/WINDOWS/System32/Wbem:/mnt/c/WINDOWS/System32/WindowsPowerShell/v1.0/:/mnt/c/WINDOWS/System32/OpenSSH/:/mnt/c/Program Files/Git/cmd:/mnt/c/Program Files/nodejs/:/mnt/c/ProgramData/chocolatey/bin:/mnt/c/Program Files/MySQL/MySQL Shell 8.0/bin/:/mnt/c/Users/maria/AppData/Local/Microsoft/WindowsApps:/mnt/c/Users/maria/AppData/Local/Programs/Microsoft VS Code/bin:/mnt/c/Users/maria/AppData/Local/GitHubDesktop/bin:/mnt/c/Users/maria/AppData/Roaming/npm:/mnt/c/Users/maria/AppData/Local/Programs/Hyper/resources/bin:/mnt/c/www/Hyper/resources/bin:/mnt/c/Program Files/MongoDB/Server/5.0/bin:/snap/bin
10 verbose lifecycle mg-links@0.1.0~test: CWD: /mnt/c/www/LIM016-md-links
11 silly lifecycle mg-links@0.1.0~test: Args: [ '-c',
11 silly lifecycle   'node --experimental-vm-modules node_modules/jest/bin/jest.js --coverage' ]
12 silly lifecycle mg-links@0.1.0~test: Returned: code: 9  signal: null
13 info lifecycle mg-links@0.1.0~test: Failed to exec test script
14 verbose stack Error: mg-links@0.1.0 test: `node --experimental-vm-modules node_modules/jest/bin/jest.js --coverage`
14 verbose stack Exit status 9
14 verbose stack     at EventEmitter.<anonymous> (/usr/share/npm/lib/utils/lifecycle.js:232:16)
14 verbose stack     at emitTwo (events.js:126:13)
14 verbose stack     at EventEmitter.emit (events.js:214:7)
14 verbose stack     at ChildProcess.<anonymous> (/usr/share/npm/lib/utils/spawn.js:24:14)
14 verbose stack     at emitTwo (events.js:126:13)
14 verbose stack     at ChildProcess.emit (events.js:214:7)
14 verbose stack     at maybeClose (internal/child_process.js:925:16)
14 verbose stack     at Process.ChildProcess._handle.onexit (internal/child_process.js:209:5)
15 verbose pkgid mg-links@0.1.0
16 verbose cwd /mnt/c/www/LIM016-md-links
17 error Linux 4.4.0-22000-Microsoft
18 error argv "/usr/bin/node" "/usr/bin/npm" "run" "test"
19 error node v8.10.0
20 error npm  v3.5.2
21 error code ELIFECYCLE
22 error mg-links@0.1.0 test: `node --experimental-vm-modules node_modules/jest/bin/jest.js --coverage`
22 error Exit status 9
23 error Failed at the mg-links@0.1.0 test script 'node --experimental-vm-modules node_modules/jest/bin/jest.js --coverage'.
23 error Make sure you have the latest version of node.js and npm installed.
23 error If you do, this is most likely a problem with the mg-links package,
23 error not with npm itself.
23 error Tell the author that this fails on your system:
23 error     node --experimental-vm-modules node_modules/jest/bin/jest.js --coverage
23 error You can get information on how to open an issue for this project with:
23 error     npm bugs mg-links
23 error Or if that isn't available, you can get their info via:
23 error     npm owner ls mg-links
23 error There is likely additional logging output above.
24 verbose exit [ 1, true ]
